<?xml version="1.0" encoding="UTF-8"?>
<!-- Generated by org.testng.reporters.JUnitReportReporter -->
<testsuite hostname="DESKTOP-80119DI" failures="0" tests="1" name="mySeleniumPackage.OpenFacebook" time="79.651" errors="0" timestamp="2020-11-02T11:16:14 IST" skipped="0">
  <testcase classname="mySeleniumPackage.OpenFacebook" name="testcase" time="79.651"/>
  <system-out/>
</testsuite> <!-- mySeleniumPackage.OpenFacebook -->
